This is pdfTeX, Version 3.14159265-2.6-1.40.21 (MiKTeX 2.9.7380 64-bit) (preloaded format=pdflatex 2020.4.13)  13 APR 2020 14:46
entering extended mode
**./easterly_beyond_hetero_smdm2018.tex
(easterly_beyond_hetero_smdm2018.tex
LaTeX2e <2020-02-02> patch level 5
L3 programming layer <2020-04-06>
("C:\Users\caleb\AppData\Local\Programs\MiKTeX 2.9\tex/latex/beamer\beamer.cls"
Document Class: beamer 2019/09/29 v3.57 A class for typesetting presentations

("C:\Users\caleb\AppData\Local\Programs\MiKTeX 2.9\tex/latex/beamer\beamerbasem
odes.sty"
("C:\Users\caleb\AppData\Local\Programs\MiKTeX 2.9\tex/latex/etoolbox\etoolbox.
sty"
Package: etoolbox 2019/09/21 v2.5h e-TeX tools for LaTeX (JAW)
\etb@tempcnta=\count167
)
\beamer@tempbox=\box45
\beamer@tempcount=\count168
\c@beamerpauses=\count169

("C:\Users\caleb\AppData\Local\Programs\MiKTeX 2.9\tex/latex/beamer\beamerbased
ecode.sty"
\beamer@slideinframe=\count170
\beamer@minimum=\count171
\beamer@decode@box=\box46
)
\beamer@commentbox=\box47
\beamer@modecount=\count172
)
("C:\Users\caleb\AppData\Local\Programs\MiKTeX 2.9\tex/generic/iftex\ifpdf.sty"
Package: ifpdf 2019/10/25 v3.4 ifpdf legacy package. Use iftex instead.
("C:\Users\caleb\AppData\Local\Programs\MiKTeX 2.9\tex/generic/iftex\iftex.sty"
Package: iftex 2020/03/06 v1.0d TeX engine tests
))
\headdp=\dimen134
\footheight=\dimen135
\sidebarheight=\dimen136
\beamer@tempdim=\dimen137
\beamer@finalheight=\dimen138
\beamer@animht=\dimen139
\beamer@animdp=\dimen140
\beamer@animwd=\dimen141
\beamer@leftmargin=\dimen142
\beamer@rightmargin=\dimen143
\beamer@leftsidebar=\dimen144
\beamer@rightsidebar=\dimen145
\beamer@boxsize=\dimen146
\beamer@vboxoffset=\dimen147
\beamer@descdefault=\dimen148
\beamer@descriptionwidth=\dimen149
\beamer@lastskip=\skip47
\beamer@areabox=\box48
\beamer@animcurrent=\box49
\beamer@animshowbox=\box50
\beamer@sectionbox=\box51
\beamer@logobox=\box52
\beamer@linebox=\box53
\beamer@sectioncount=\count173
\beamer@subsubsectionmax=\count174
\beamer@subsectionmax=\count175
\beamer@sectionmax=\count176
\beamer@totalheads=\count177
\beamer@headcounter=\count178
\beamer@partstartpage=\count179
\beamer@sectionstartpage=\count180
\beamer@subsectionstartpage=\count181
\beamer@animationtempa=\count182
\beamer@animationtempb=\count183
\beamer@xpos=\count184
\beamer@ypos=\count185
\beamer@ypos@offset=\count186
\beamer@showpartnumber=\count187
\beamer@currentsubsection=\count188
\beamer@coveringdepth=\count189
\beamer@sectionadjust=\count190
\beamer@tocsectionnumber=\count191

("C:\Users\caleb\AppData\Local\Programs\MiKTeX 2.9\tex/latex/beamer\beamerbaseo
ptions.sty"
("C:\Users\caleb\AppData\Local\Programs\MiKTeX 2.9\tex/latex/graphics\keyval.st
y"
Package: keyval 2014/10/28 v1.15 key=value parser (DPC)
\KV@toks@=\toks15
))
\beamer@paperwidth=\skip48
\beamer@paperheight=\skip49

("C:\Users\caleb\AppData\Local\Programs\MiKTeX 2.9\tex/latex/geometry\geometry.
sty"
Package: geometry 2020/01/02 v5.9 Page Geometry

("C:\Users\caleb\AppData\Local\Programs\MiKTeX 2.9\tex/generic/iftex\ifvtex.sty
"
Package: ifvtex 2019/10/25 v1.7 ifvtex legacy package. Use iftex instead.
)
\Gm@cnth=\count192
\Gm@cntv=\count193
\c@Gm@tempcnt=\count194
\Gm@bindingoffset=\dimen150
\Gm@wd@mp=\dimen151
\Gm@odd@mp=\dimen152
\Gm@even@mp=\dimen153
\Gm@layoutwidth=\dimen154
\Gm@layoutheight=\dimen155
\Gm@layouthoffset=\dimen156
\Gm@layoutvoffset=\dimen157
\Gm@dimlist=\toks16

("C:\Users\caleb\AppData\Local\Programs\MiKTeX 2.9\tex/latex/geometry\geometry.
cfg"))
("C:\Users\caleb\AppData\Local\Programs\MiKTeX 2.9\tex/latex/base\size11.clo"
File: size11.clo 2019/12/20 v1.4l Standard LaTeX file (size option)
)
("C:\Users\caleb\AppData\Local\Programs\MiKTeX 2.9\tex/latex/pgf/basiclayer\pgf
core.sty"
("C:\Users\caleb\AppData\Local\Programs\MiKTeX 2.9\tex/latex/graphics\graphicx.
sty"
Package: graphicx 2019/11/30 v1.2a Enhanced LaTeX Graphics (DPC,SPQR)

("C:\Users\caleb\AppData\Local\Programs\MiKTeX 2.9\tex/latex/graphics\graphics.
sty"
Package: graphics 2019/11/30 v1.4a Standard LaTeX Graphics (DPC,SPQR)

("C:\Users\caleb\AppData\Local\Programs\MiKTeX 2.9\tex/latex/graphics\trig.sty"
Package: trig 2016/01/03 v1.10 sin cos tan (DPC)
)
("C:\Users\caleb\AppData\Local\Programs\MiKTeX 2.9\tex/latex/graphics-cfg\graph
ics.cfg"
File: graphics.cfg 2016/06/04 v1.11 sample graphics configuration
)
Package graphics Info: Driver file: pdftex.def on input line 105.

("C:\Users\caleb\AppData\Local\Programs\MiKTeX 2.9\tex/latex/graphics-def\pdfte
x.def"
File: pdftex.def 2018/01/08 v1.0l Graphics/color driver for pdftex
))
\Gin@req@height=\dimen158
\Gin@req@width=\dimen159
)
("C:\Users\caleb\AppData\Local\Programs\MiKTeX 2.9\tex/latex/pgf/systemlayer\pg
fsys.sty"
("C:\Users\caleb\AppData\Local\Programs\MiKTeX 2.9\tex/latex/pgf/utilities\pgfr
cs.sty"
("C:\Users\caleb\AppData\Local\Programs\MiKTeX 2.9\tex/generic/pgf/utilities\pg
futil-common.tex"
\pgfutil@everybye=\toks17
\pgfutil@tempdima=\dimen160
\pgfutil@tempdimb=\dimen161

("C:\Users\caleb\AppData\Local\Programs\MiKTeX 2.9\tex/generic/pgf/utilities\pg
futil-common-lists.tex"))
("C:\Users\caleb\AppData\Local\Programs\MiKTeX 2.9\tex/generic/pgf/utilities\pg
futil-latex.def"
\pgfutil@abb=\box54

("C:\Users\caleb\AppData\Local\Programs\MiKTeX 2.9\tex/latex/ms\everyshi.sty"
Package: everyshi 2001/05/15 v3.00 EveryShipout Package (MS)
))
("C:\Users\caleb\AppData\Local\Programs\MiKTeX 2.9\tex/generic/pgf/utilities\pg
frcs.code.tex"
("C:\Users\caleb\AppData\Local\Programs\MiKTeX 2.9\tex/generic/pgf\pgf.revision
.tex")
Package: pgfrcs 2020/01/08 v3.1.5b (3.1.5b)
))
("C:\Users\caleb\AppData\Local\Programs\MiKTeX 2.9\tex/generic/pgf/systemlayer\
pgfsys.code.tex"
Package: pgfsys 2020/01/08 v3.1.5b (3.1.5b)

("C:\Users\caleb\AppData\Local\Programs\MiKTeX 2.9\tex/generic/pgf/utilities\pg
fkeys.code.tex"
\pgfkeys@pathtoks=\toks18
\pgfkeys@temptoks=\toks19

("C:\Users\caleb\AppData\Local\Programs\MiKTeX 2.9\tex/generic/pgf/utilities\pg
fkeysfiltered.code.tex"
\pgfkeys@tmptoks=\toks20
))
\pgf@x=\dimen162
\pgf@y=\dimen163
\pgf@xa=\dimen164
\pgf@ya=\dimen165
\pgf@xb=\dimen166
\pgf@yb=\dimen167
\pgf@xc=\dimen168
\pgf@yc=\dimen169
\pgf@xd=\dimen170
\pgf@yd=\dimen171
\w@pgf@writea=\write3
\r@pgf@reada=\read2
\c@pgf@counta=\count195
\c@pgf@countb=\count196
\c@pgf@countc=\count197
\c@pgf@countd=\count198
\t@pgf@toka=\toks21
\t@pgf@tokb=\toks22
\t@pgf@tokc=\toks23
\pgf@sys@id@count=\count199

("C:\Users\caleb\AppData\Local\Programs\MiKTeX 2.9\tex/generic/pgf/systemlayer\
pgf.cfg"
File: pgf.cfg 2020/01/08 v3.1.5b (3.1.5b)
)
Driver file for pgf: pgfsys-pdftex.def

("C:\Users\caleb\AppData\Local\Programs\MiKTeX 2.9\tex/generic/pgf/systemlayer\
pgfsys-pdftex.def"
File: pgfsys-pdftex.def 2020/01/08 v3.1.5b (3.1.5b)

("C:\Users\caleb\AppData\Local\Programs\MiKTeX 2.9\tex/generic/pgf/systemlayer\
pgfsys-common-pdf.def"
File: pgfsys-common-pdf.def 2020/01/08 v3.1.5b (3.1.5b)
)))
("C:\Users\caleb\AppData\Local\Programs\MiKTeX 2.9\tex/generic/pgf/systemlayer\
pgfsyssoftpath.code.tex"
File: pgfsyssoftpath.code.tex 2020/01/08 v3.1.5b (3.1.5b)
\pgfsyssoftpath@smallbuffer@items=\count266
\pgfsyssoftpath@bigbuffer@items=\count267
)
("C:\Users\caleb\AppData\Local\Programs\MiKTeX 2.9\tex/generic/pgf/systemlayer\
pgfsysprotocol.code.tex"
File: pgfsysprotocol.code.tex 2020/01/08 v3.1.5b (3.1.5b)
))
("C:\Users\caleb\AppData\Local\Programs\MiKTeX 2.9\tex/latex/xcolor\xcolor.sty"
Package: xcolor 2016/05/11 v2.12 LaTeX color extensions (UK)

("C:\Users\caleb\AppData\Local\Programs\MiKTeX 2.9\tex/latex/graphics-cfg\color
.cfg"
File: color.cfg 2016/01/02 v1.6 sample color configuration
)
Package xcolor Info: Driver file: pdftex.def on input line 225.
Package xcolor Info: Model `cmy' substituted by `cmy0' on input line 1348.
Package xcolor Info: Model `hsb' substituted by `rgb' on input line 1352.
Package xcolor Info: Model `RGB' extended on input line 1364.
Package xcolor Info: Model `HTML' substituted by `rgb' on input line 1366.
Package xcolor Info: Model `Hsb' substituted by `hsb' on input line 1367.
Package xcolor Info: Model `tHsb' substituted by `hsb' on input line 1368.
Package xcolor Info: Model `HSB' substituted by `hsb' on input line 1369.
Package xcolor Info: Model `Gray' substituted by `gray' on input line 1370.
Package xcolor Info: Model `wave' substituted by `hsb' on input line 1371.
)
("C:\Users\caleb\AppData\Local\Programs\MiKTeX 2.9\tex/generic/pgf/basiclayer\p
gfcore.code.tex"
Package: pgfcore 2020/01/08 v3.1.5b (3.1.5b)

("C:\Users\caleb\AppData\Local\Programs\MiKTeX 2.9\tex/generic/pgf/math\pgfmath
.code.tex"
("C:\Users\caleb\AppData\Local\Programs\MiKTeX 2.9\tex/generic/pgf/math\pgfmath
calc.code.tex"
("C:\Users\caleb\AppData\Local\Programs\MiKTeX 2.9\tex/generic/pgf/math\pgfmath
util.code.tex")
("C:\Users\caleb\AppData\Local\Programs\MiKTeX 2.9\tex/generic/pgf/math\pgfmath
parser.code.tex"
\pgfmath@dimen=\dimen172
\pgfmath@count=\count268
\pgfmath@box=\box55
\pgfmath@toks=\toks24
\pgfmath@stack@operand=\toks25
\pgfmath@stack@operation=\toks26
)
("C:\Users\caleb\AppData\Local\Programs\MiKTeX 2.9\tex/generic/pgf/math\pgfmath
functions.code.tex"
("C:\Users\caleb\AppData\Local\Programs\MiKTeX 2.9\tex/generic/pgf/math\pgfmath
functions.basic.code.tex")
("C:\Users\caleb\AppData\Local\Programs\MiKTeX 2.9\tex/generic/pgf/math\pgfmath
functions.trigonometric.code.tex")
("C:\Users\caleb\AppData\Local\Programs\MiKTeX 2.9\tex/generic/pgf/math\pgfmath
functions.random.code.tex")
("C:\Users\caleb\AppData\Local\Programs\MiKTeX 2.9\tex/generic/pgf/math\pgfmath
functions.comparison.code.tex")
("C:\Users\caleb\AppData\Local\Programs\MiKTeX 2.9\tex/generic/pgf/math\pgfmath
functions.base.code.tex")
("C:\Users\caleb\AppData\Local\Programs\MiKTeX 2.9\tex/generic/pgf/math\pgfmath
functions.round.code.tex")
("C:\Users\caleb\AppData\Local\Programs\MiKTeX 2.9\tex/generic/pgf/math\pgfmath
functions.misc.code.tex")
("C:\Users\caleb\AppData\Local\Programs\MiKTeX 2.9\tex/generic/pgf/math\pgfmath
functions.integerarithmetics.code.tex")))
("C:\Users\caleb\AppData\Local\Programs\MiKTeX 2.9\tex/generic/pgf/math\pgfmath
float.code.tex"
\c@pgfmathroundto@lastzeros=\count269
))
("C:\Users\caleb\AppData\Local\Programs\MiKTeX 2.9\tex/generic/pgf/math\pgfint.
code.tex")
("C:\Users\caleb\AppData\Local\Programs\MiKTeX 2.9\tex/generic/pgf/basiclayer\p
gfcorepoints.code.tex"
File: pgfcorepoints.code.tex 2020/01/08 v3.1.5b (3.1.5b)
\pgf@picminx=\dimen173
\pgf@picmaxx=\dimen174
\pgf@picminy=\dimen175
\pgf@picmaxy=\dimen176
\pgf@pathminx=\dimen177
\pgf@pathmaxx=\dimen178
\pgf@pathminy=\dimen179
\pgf@pathmaxy=\dimen180
\pgf@xx=\dimen181
\pgf@xy=\dimen182
\pgf@yx=\dimen183
\pgf@yy=\dimen184
\pgf@zx=\dimen185
\pgf@zy=\dimen186
)
("C:\Users\caleb\AppData\Local\Programs\MiKTeX 2.9\tex/generic/pgf/basiclayer\p
gfcorepathconstruct.code.tex"
File: pgfcorepathconstruct.code.tex 2020/01/08 v3.1.5b (3.1.5b)
\pgf@path@lastx=\dimen187
\pgf@path@lasty=\dimen188
)
("C:\Users\caleb\AppData\Local\Programs\MiKTeX 2.9\tex/generic/pgf/basiclayer\p
gfcorepathusage.code.tex"
File: pgfcorepathusage.code.tex 2020/01/08 v3.1.5b (3.1.5b)
\pgf@shorten@end@additional=\dimen189
\pgf@shorten@start@additional=\dimen190
)
("C:\Users\caleb\AppData\Local\Programs\MiKTeX 2.9\tex/generic/pgf/basiclayer\p
gfcorescopes.code.tex"
File: pgfcorescopes.code.tex 2020/01/08 v3.1.5b (3.1.5b)
\pgfpic=\box56
\pgf@hbox=\box57
\pgf@layerbox@main=\box58
\pgf@picture@serial@count=\count270
)
("C:\Users\caleb\AppData\Local\Programs\MiKTeX 2.9\tex/generic/pgf/basiclayer\p
gfcoregraphicstate.code.tex"
File: pgfcoregraphicstate.code.tex 2020/01/08 v3.1.5b (3.1.5b)
\pgflinewidth=\dimen191
)
("C:\Users\caleb\AppData\Local\Programs\MiKTeX 2.9\tex/generic/pgf/basiclayer\p
gfcoretransformations.code.tex"
File: pgfcoretransformations.code.tex 2020/01/08 v3.1.5b (3.1.5b)
\pgf@pt@x=\dimen192
\pgf@pt@y=\dimen193
\pgf@pt@temp=\dimen194
)
("C:\Users\caleb\AppData\Local\Programs\MiKTeX 2.9\tex/generic/pgf/basiclayer\p
gfcorequick.code.tex"
File: pgfcorequick.code.tex 2020/01/08 v3.1.5b (3.1.5b)
)
("C:\Users\caleb\AppData\Local\Programs\MiKTeX 2.9\tex/generic/pgf/basiclayer\p
gfcoreobjects.code.tex"
File: pgfcoreobjects.code.tex 2020/01/08 v3.1.5b (3.1.5b)
)
("C:\Users\caleb\AppData\Local\Programs\MiKTeX 2.9\tex/generic/pgf/basiclayer\p
gfcorepathprocessing.code.tex"
File: pgfcorepathprocessing.code.tex 2020/01/08 v3.1.5b (3.1.5b)
)
("C:\Users\caleb\AppData\Local\Programs\MiKTeX 2.9\tex/generic/pgf/basiclayer\p
gfcorearrows.code.tex"
File: pgfcorearrows.code.tex 2020/01/08 v3.1.5b (3.1.5b)
\pgfarrowsep=\dimen195
)
("C:\Users\caleb\AppData\Local\Programs\MiKTeX 2.9\tex/generic/pgf/basiclayer\p
gfcoreshade.code.tex"
File: pgfcoreshade.code.tex 2020/01/08 v3.1.5b (3.1.5b)
\pgf@max=\dimen196
\pgf@sys@shading@range@num=\count271
\pgf@shadingcount=\count272
)
("C:\Users\caleb\AppData\Local\Programs\MiKTeX 2.9\tex/generic/pgf/basiclayer\p
gfcoreimage.code.tex"
File: pgfcoreimage.code.tex 2020/01/08 v3.1.5b (3.1.5b)

("C:\Users\caleb\AppData\Local\Programs\MiKTeX 2.9\tex/generic/pgf/basiclayer\p
gfcoreexternal.code.tex"
File: pgfcoreexternal.code.tex 2020/01/08 v3.1.5b (3.1.5b)
\pgfexternal@startupbox=\box59
))
("C:\Users\caleb\AppData\Local\Programs\MiKTeX 2.9\tex/generic/pgf/basiclayer\p
gfcorelayers.code.tex"
File: pgfcorelayers.code.tex 2020/01/08 v3.1.5b (3.1.5b)
)
("C:\Users\caleb\AppData\Local\Programs\MiKTeX 2.9\tex/generic/pgf/basiclayer\p
gfcoretransparency.code.tex"
File: pgfcoretransparency.code.tex 2020/01/08 v3.1.5b (3.1.5b)
)
("C:\Users\caleb\AppData\Local\Programs\MiKTeX 2.9\tex/generic/pgf/basiclayer\p
gfcorepatterns.code.tex"
File: pgfcorepatterns.code.tex 2020/01/08 v3.1.5b (3.1.5b)
)
("C:\Users\caleb\AppData\Local\Programs\MiKTeX 2.9\tex/generic/pgf/basiclayer\p
gfcorerdf.code.tex"
File: pgfcorerdf.code.tex 2020/01/08 v3.1.5b (3.1.5b)
)))
("C:\Users\caleb\AppData\Local\Programs\MiKTeX 2.9\tex/latex/pgf/utilities\xxco
lor.sty"
Package: xxcolor 2003/10/24 ver 0.1
\XC@nummixins=\count273
\XC@countmixins=\count274
)
("C:\Users\caleb\AppData\Local\Programs\MiKTeX 2.9\tex/generic/atbegshi\atbegsh
i.sty"
Package: atbegshi 2019/12/05 v1.19 At begin shipout hook (HO)

("C:\Users\caleb\AppData\Local\Programs\MiKTeX 2.9\tex/generic/infwarerr\infwar
err.sty"
Package: infwarerr 2019/12/03 v1.5 Providing info/warning/error messages (HO)
)
("C:\Users\caleb\AppData\Local\Programs\MiKTeX 2.9\tex/generic/ltxcmds\ltxcmds.
sty"
Package: ltxcmds 2019/12/15 v1.24 LaTeX kernel commands for general use (HO)
))
("C:\Users\caleb\AppData\Local\Programs\MiKTeX 2.9\tex/latex/hyperref\hyperref.
sty"
Package: hyperref 2020/01/14 v7.00d Hypertext links for LaTeX

("C:\Users\caleb\AppData\Local\Programs\MiKTeX 2.9\tex/latex/pdftexcmds\pdftexc
mds.sty"
Package: pdftexcmds 2019/11/24 v0.31 Utility functions of pdfTeX for LuaTeX (HO
)
Package pdftexcmds Info: \pdf@primitive is available.
Package pdftexcmds Info: \pdf@ifprimitive is available.
Package pdftexcmds Info: \pdfdraftmode found.
)
("C:\Users\caleb\AppData\Local\Programs\MiKTeX 2.9\tex/generic/kvsetkeys\kvsetk
eys.sty"
Package: kvsetkeys 2019/12/15 v1.18 Key value parser (HO)
)
("C:\Users\caleb\AppData\Local\Programs\MiKTeX 2.9\tex/generic/kvdefinekeys\kvd
efinekeys.sty"
Package: kvdefinekeys 2019-12-19 v1.6 Define keys (HO)
)
("C:\Users\caleb\AppData\Local\Programs\MiKTeX 2.9\tex/generic/pdfescape\pdfesc
ape.sty"
Package: pdfescape 2019/12/09 v1.15 Implements pdfTeX's escape features (HO)
)
("C:\Users\caleb\AppData\Local\Programs\MiKTeX 2.9\tex/latex/hycolor\hycolor.st
y"
Package: hycolor 2020-01-27 v1.10 Color options for hyperref/bookmark (HO)
)
("C:\Users\caleb\AppData\Local\Programs\MiKTeX 2.9\tex/latex/letltxmacro\letltx
macro.sty"
Package: letltxmacro 2019/12/03 v1.6 Let assignment for LaTeX macros (HO)
)
("C:\Users\caleb\AppData\Local\Programs\MiKTeX 2.9\tex/latex/auxhook\auxhook.st
y"
Package: auxhook 2019-12-17 v1.6 Hooks for auxiliary files (HO)
)
("C:\Users\caleb\AppData\Local\Programs\MiKTeX 2.9\tex/latex/kvoptions\kvoption
s.sty"
Package: kvoptions 2019/11/29 v3.13 Key value format for package options (HO)
)
\@linkdim=\dimen197
\Hy@linkcounter=\count275
\Hy@pagecounter=\count276

("C:\Users\caleb\AppData\Local\Programs\MiKTeX 2.9\tex/latex/hyperref\pd1enc.de
f"
File: pd1enc.def 2020/01/14 v7.00d Hyperref: PDFDocEncoding definition (HO)
Now handling font encoding PD1 ...
... no UTF-8 mapping file for font encoding PD1
)
("C:\Users\caleb\AppData\Local\Programs\MiKTeX 2.9\tex/generic/intcalc\intcalc.
sty"
Package: intcalc 2019/12/15 v1.3 Expandable calculations with integers (HO)
)
("C:\Users\caleb\AppData\Local\Programs\MiKTeX 2.9\tex/generic/etexcmds\etexcmd
s.sty"
Package: etexcmds 2019/12/15 v1.7 Avoid name clashes with e-TeX commands (HO)
)
\Hy@SavedSpaceFactor=\count277
Package hyperref Info: Option `bookmarks' set `true' on input line 4421.
Package hyperref Info: Option `bookmarksopen' set `true' on input line 4421.
Package hyperref Info: Option `implicit' set `false' on input line 4421.
Package hyperref Info: Hyper figures OFF on input line 4547.
Package hyperref Info: Link nesting OFF on input line 4552.
Package hyperref Info: Hyper index ON on input line 4555.
Package hyperref Info: Plain pages OFF on input line 4562.
Package hyperref Info: Backreferencing OFF on input line 4567.
Package hyperref Info: Implicit mode OFF; no redefinition of LaTeX internals.
Package hyperref Info: Bookmarks ON on input line 4800.
\c@Hy@tempcnt=\count278
 ("C:\Users\caleb\AppData\Local\Programs\MiKTeX 2.9\tex/latex/url\url.sty"
\Urlmuskip=\muskip16
Package: url 2013/09/16  ver 3.4  Verb mode for urls, etc.
)
LaTeX Info: Redefining \url on input line 5159.
\XeTeXLinkMargin=\dimen198

("C:\Users\caleb\AppData\Local\Programs\MiKTeX 2.9\tex/generic/bitset\bitset.st
y"
Package: bitset 2019/12/09 v1.3 Handle bit-vector datatype (HO)

("C:\Users\caleb\AppData\Local\Programs\MiKTeX 2.9\tex/generic/bigintcalc\bigin
tcalc.sty"
Package: bigintcalc 2019/12/15 v1.5 Expandable calculations on big integers (HO
)
))
\Fld@menulength=\count279
\Field@Width=\dimen199
\Fld@charsize=\dimen256
Package hyperref Info: Hyper figures OFF on input line 6430.
Package hyperref Info: Link nesting OFF on input line 6435.
Package hyperref Info: Hyper index ON on input line 6438.
Package hyperref Info: backreferencing OFF on input line 6445.
Package hyperref Info: Link coloring OFF on input line 6450.
Package hyperref Info: Link coloring with OCG OFF on input line 6455.
Package hyperref Info: PDF/A mode OFF on input line 6460.
LaTeX Info: Redefining \ref on input line 6500.
LaTeX Info: Redefining \pageref on input line 6504.
\Hy@abspage=\count280


Package hyperref Message: Stopped early.

)
Package hyperref Info: Driver (autodetected): hpdftex.

("C:\Users\caleb\AppData\Local\Programs\MiKTeX 2.9\tex/latex/hyperref\hpdftex.d
ef"
File: hpdftex.def 2020/01/14 v7.00d Hyperref driver for pdfTeX

("C:\Users\caleb\AppData\Local\Programs\MiKTeX 2.9\tex/latex/atveryend\atveryen
d.sty"
Package: atveryend 2019-12-11 v1.11 Hooks at the very end of document (HO)
)
\Fld@listcount=\count281
\c@bookmark@seq@number=\count282

("C:\Users\caleb\AppData\Local\Programs\MiKTeX 2.9\tex/latex/rerunfilecheck\rer
unfilecheck.sty"
Package: rerunfilecheck 2019/12/05 v1.9 Rerun checks for auxiliary files (HO)

("C:\Users\caleb\AppData\Local\Programs\MiKTeX 2.9\tex/generic/uniquecounter\un
iquecounter.sty"
Package: uniquecounter 2019/12/15 v1.4 Provide unlimited unique counter (HO)
)
Package uniquecounter Info: New unique counter `rerunfilecheck' on input line 2
86.
))
("C:\Users\caleb\AppData\Local\Programs\MiKTeX 2.9\tex/latex/beamer\beamerbaser
equires.sty"
("C:\Users\caleb\AppData\Local\Programs\MiKTeX 2.9\tex/latex/beamer\beamerbasec
ompatibility.sty")
("C:\Users\caleb\AppData\Local\Programs\MiKTeX 2.9\tex/latex/beamer\beamerbasef
ont.sty"
("C:\Users\caleb\AppData\Local\Programs\MiKTeX 2.9\tex/latex/amsfonts\amssymb.s
ty"
Package: amssymb 2013/01/14 v3.01 AMS font symbols

("C:\Users\caleb\AppData\Local\Programs\MiKTeX 2.9\tex/latex/amsfonts\amsfonts.
sty"
Package: amsfonts 2013/01/14 v3.01 Basic AMSFonts support
\@emptytoks=\toks27
\symAMSa=\mathgroup4
\symAMSb=\mathgroup5
LaTeX Font Info:    Redeclaring math symbol \hbar on input line 98.
LaTeX Font Info:    Overwriting math alphabet `\mathfrak' in version `bold'
(Font)                  U/euf/m/n --> U/euf/b/n on input line 106.
))
("C:\Users\caleb\AppData\Local\Programs\MiKTeX 2.9\tex/latex/sansmathaccent\san
smathaccent.sty"
Package: sansmathaccent 2020/01/31

("C:\Users\caleb\AppData\Local\Programs\MiKTeX 2.9\tex/latex/koma-script\scrlfi
le.sty"
Package: scrlfile 2020/01/24 v3.29 KOMA-Script package (loading files)
)))
("C:\Users\caleb\AppData\Local\Programs\MiKTeX 2.9\tex/latex/beamer\beamerbaset
ranslator.sty"
("C:\Users\caleb\AppData\Local\Programs\MiKTeX 2.9\tex/latex/translator\transla
tor.sty"
Package: translator 2019-05-31 v1.12a Easy translation of strings in LaTeX
))
("C:\Users\caleb\AppData\Local\Programs\MiKTeX 2.9\tex/latex/beamer\beamerbasem
isc.sty")
("C:\Users\caleb\AppData\Local\Programs\MiKTeX 2.9\tex/latex/beamer\beamerbaset
woscreens.sty")
("C:\Users\caleb\AppData\Local\Programs\MiKTeX 2.9\tex/latex/beamer\beamerbaseo
verlay.sty"
\beamer@argscount=\count283
\beamer@lastskipcover=\skip50
\beamer@trivlistdepth=\count284
)
("C:\Users\caleb\AppData\Local\Programs\MiKTeX 2.9\tex/latex/beamer\beamerbaset
itle.sty")
("C:\Users\caleb\AppData\Local\Programs\MiKTeX 2.9\tex/latex/beamer\beamerbases
ection.sty"
\c@lecture=\count285
\c@part=\count286
\c@section=\count287
\c@subsection=\count288
\c@subsubsection=\count289
)
("C:\Users\caleb\AppData\Local\Programs\MiKTeX 2.9\tex/latex/beamer\beamerbasef
rame.sty"
\beamer@framebox=\box60
\beamer@frametitlebox=\box61
\beamer@zoombox=\box62
\beamer@zoomcount=\count290
\beamer@zoomframecount=\count291
\beamer@frametextheight=\dimen257
\c@subsectionslide=\count292
\beamer@frametopskip=\skip51
\beamer@framebottomskip=\skip52
\beamer@frametopskipautobreak=\skip53
\beamer@framebottomskipautobreak=\skip54
\beamer@envbody=\toks28
\framewidth=\dimen258
\c@framenumber=\count293
)
("C:\Users\caleb\AppData\Local\Programs\MiKTeX 2.9\tex/latex/beamer\beamerbasev
erbatim.sty"
\beamer@verbatimfileout=\write4
)
("C:\Users\caleb\AppData\Local\Programs\MiKTeX 2.9\tex/latex/beamer\beamerbasef
ramesize.sty"
\beamer@splitbox=\box63
\beamer@autobreakcount=\count294
\beamer@autobreaklastheight=\dimen259
\beamer@frametitletoks=\toks29
\beamer@framesubtitletoks=\toks30
)
("C:\Users\caleb\AppData\Local\Programs\MiKTeX 2.9\tex/latex/beamer\beamerbasef
ramecomponents.sty"
\beamer@footins=\box64
)
("C:\Users\caleb\AppData\Local\Programs\MiKTeX 2.9\tex/latex/beamer\beamerbasec
olor.sty")
("C:\Users\caleb\AppData\Local\Programs\MiKTeX 2.9\tex/latex/beamer\beamerbasen
otes.sty"
\beamer@frameboxcopy=\box65
)
("C:\Users\caleb\AppData\Local\Programs\MiKTeX 2.9\tex/latex/beamer\beamerbaset
oc.sty")
("C:\Users\caleb\AppData\Local\Programs\MiKTeX 2.9\tex/latex/beamer\beamerbaset
emplates.sty"
\beamer@sbttoks=\toks31

("C:\Users\caleb\AppData\Local\Programs\MiKTeX 2.9\tex/latex/beamer\beamerbasea
uxtemplates.sty"
("C:\Users\caleb\AppData\Local\Programs\MiKTeX 2.9\tex/latex/beamer\beamerbaseb
oxes.sty"
\bmb@box=\box66
\bmb@colorbox=\box67
\bmb@boxshadow=\box68
\bmb@boxshadowball=\box69
\bmb@boxshadowballlarge=\box70
\bmb@temp=\dimen260
\bmb@dima=\dimen261
\bmb@dimb=\dimen262
\bmb@prevheight=\dimen263
)
\beamer@blockheadheight=\dimen264
))
("C:\Users\caleb\AppData\Local\Programs\MiKTeX 2.9\tex/latex/beamer\beamerbasel
ocalstructure.sty"
("C:\Users\caleb\AppData\Local\Programs\MiKTeX 2.9\tex/latex/tools\enumerate.st
y"
Package: enumerate 2015/07/23 v3.00 enumerate extensions (DPC)
\@enLab=\toks32
)
\c@figure=\count295
\c@table=\count296
\abovecaptionskip=\skip55
\belowcaptionskip=\skip56
)
("C:\Users\caleb\AppData\Local\Programs\MiKTeX 2.9\tex/latex/beamer\beamerbasen
avigation.sty"
\beamer@section@min@dim=\dimen265
)
("C:\Users\caleb\AppData\Local\Programs\MiKTeX 2.9\tex/latex/beamer\beamerbaset
heorems.sty"
("C:\Users\caleb\AppData\Local\Programs\MiKTeX 2.9\tex/latex/amsmath\amsmath.st
y"
Package: amsmath 2020/01/20 v2.17e AMS math features
\@mathmargin=\skip57

For additional information on amsmath, use the `?' option.

("C:\Users\caleb\AppData\Local\Programs\MiKTeX 2.9\tex/latex/amsmath\amstext.st
y"
Package: amstext 2000/06/29 v2.01 AMS text

("C:\Users\caleb\AppData\Local\Programs\MiKTeX 2.9\tex/latex/amsmath\amsgen.sty
"
File: amsgen.sty 1999/11/30 v2.0 generic functions
\@emptytoks=\toks33
\ex@=\dimen266
))
("C:\Users\caleb\AppData\Local\Programs\MiKTeX 2.9\tex/latex/amsmath\amsbsy.sty
"
Package: amsbsy 1999/11/29 v1.2d Bold Symbols
\pmbraise@=\dimen267
)
("C:\Users\caleb\AppData\Local\Programs\MiKTeX 2.9\tex/latex/amsmath\amsopn.sty
"
Package: amsopn 2016/03/08 v2.02 operator names
)
\inf@bad=\count297
LaTeX Info: Redefining \frac on input line 227.
\uproot@=\count298
\leftroot@=\count299
LaTeX Info: Redefining \overline on input line 389.
\classnum@=\count300
\DOTSCASE@=\count301
LaTeX Info: Redefining \ldots on input line 486.
LaTeX Info: Redefining \dots on input line 489.
LaTeX Info: Redefining \cdots on input line 610.
\Mathstrutbox@=\box71
\strutbox@=\box72
\big@size=\dimen268
LaTeX Font Info:    Redeclaring font encoding OML on input line 733.
LaTeX Font Info:    Redeclaring font encoding OMS on input line 734.
\macc@depth=\count302
\c@MaxMatrixCols=\count303
\dotsspace@=\muskip17
\c@parentequation=\count304
\dspbrk@lvl=\count305
\tag@help=\toks34
\row@=\count306
\column@=\count307
\maxfields@=\count308
\andhelp@=\toks35
\eqnshift@=\dimen269
\alignsep@=\dimen270
\tagshift@=\dimen271
\tagwidth@=\dimen272
\totwidth@=\dimen273
\lineht@=\dimen274
\@envbody=\toks36
\multlinegap=\skip58
\multlinetaggap=\skip59
\mathdisplay@stack=\toks37
LaTeX Info: Redefining \[ on input line 2859.
LaTeX Info: Redefining \] on input line 2860.
)
("C:\Users\caleb\AppData\Local\Programs\MiKTeX 2.9\tex/latex/amscls\amsthm.sty"
Package: amsthm 2017/10/31 v2.20.4
\thm@style=\toks38
\thm@bodyfont=\toks39
\thm@headfont=\toks40
\thm@notefont=\toks41
\thm@headpunct=\toks42
\thm@preskip=\skip60
\thm@postskip=\skip61
\thm@headsep=\skip62
\dth@everypar=\toks43
)
\c@theorem=\count309
)
("C:\Users\caleb\AppData\Local\Programs\MiKTeX 2.9\tex/latex/beamer\beamerbaset
hemes.sty"))
("C:\Users\caleb\AppData\Local\Programs\MiKTeX 2.9\tex/latex/beamer\beamertheme
default.sty"
("C:\Users\caleb\AppData\Local\Programs\MiKTeX 2.9\tex/latex/beamer\beamerfontt
hemedefault.sty")
("C:\Users\caleb\AppData\Local\Programs\MiKTeX 2.9\tex/latex/beamer\beamercolor
themedefault.sty")
("C:\Users\caleb\AppData\Local\Programs\MiKTeX 2.9\tex/latex/beamer\beamerinner
themedefault.sty"
! I can't write on file `easterly_beyond_hetero_smdm2018.pdf'.
Please type another file name for output: easterly_beyond_hetero_smdm2018.pdf
\beamer@dima=\dimen275
\beamer@dimb=\dimen276
)
("C:\Users\caleb\AppData\Local\Programs\MiKTeX 2.9\tex/latex/beamer\beamerouter
themedefault.sty")))
("C:\Users\caleb\AppData\Local\Programs\MiKTeX 2.9\tex/latex/base\inputenc.sty"
Package: inputenc 2018/08/11 v1.3c Input encoding file
\inpenc@prehook=\toks44
\inpenc@posthook=\toks45
)
("C:\Users\caleb\AppData\Local\Programs\MiKTeX 2.9\tex/latex/beamer\beamerfontt
hemeprofessionalfonts.sty")
("C:\Users\caleb\AppData\Local\Programs\MiKTeX 2.9\tex/latex/beamer\beamerfontt
hemeserif.sty")
("C:\Users\caleb\AppData\Local\Programs\MiKTeX 2.9\tex/latex/beamer\beamertheme
Pittsburgh.sty"
("C:\Users\caleb\AppData\Local\Programs\MiKTeX 2.9\tex/latex/beamer\beamerinner
themecircles.sty"))
("C:\Users\caleb\AppData\Local\Programs\MiKTeX 2.9\tex/latex/beamer\beamercolor
themeseahorse.sty")
("C:\Users\caleb\AppData\Local\Programs\MiKTeX 2.9\tex/latex/booktabs\booktabs.
sty"
Package: booktabs 2020/01/12 v1.61803398 Publication quality tables
\heavyrulewidth=\dimen277
\lightrulewidth=\dimen278
\cmidrulewidth=\dimen279
\belowrulesep=\dimen280
\belowbottomsep=\dimen281
\aboverulesep=\dimen282
\abovetopsep=\dimen283
\cmidrulesep=\dimen284
\cmidrulekern=\dimen285
\defaultaddspace=\dimen286
\@cmidla=\count310
\@cmidlb=\count311
\@aboverulesep=\dimen287
\@belowrulesep=\dimen288
\@thisruleclass=\count312
\@lastruleclass=\count313
\@thisrulewidth=\dimen289
)
("C:\Users\caleb\AppData\Local\Programs\MiKTeX 2.9\tex/latex/wrapfig\wrapfig.st
y"
\wrapoverhang=\dimen290
\WF@size=\dimen291
\c@WF@wrappedlines=\count314
\WF@box=\box73
\WF@everypar=\toks46
Package: wrapfig 2003/01/31  v 3.6
)
("C:\Users\caleb\AppData\Local\Programs\MiKTeX 2.9\tex/latex/adjustbox\adjustbo
x.sty"
Package: adjustbox 2019/01/04 v1.2 Adjusting TeX boxes (trim, clip, ...)

("C:\Users\caleb\AppData\Local\Programs\MiKTeX 2.9\tex/latex/xkeyval\xkeyval.st
y"
Package: xkeyval 2014/12/03 v2.7a package option processing (HA)

("C:\Users\caleb\AppData\Local\Programs\MiKTeX 2.9\tex/generic/xkeyval\xkeyval.
tex"
("C:\Users\caleb\AppData\Local\Programs\MiKTeX 2.9\tex/generic/xkeyval\xkvutils
.tex"
\XKV@toks=\toks47
\XKV@tempa@toks=\toks48
)
\XKV@depth=\count315
File: xkeyval.tex 2014/12/03 v2.7a key=value parser (HA)
))
("C:\Users\caleb\AppData\Local\Programs\MiKTeX 2.9\tex/latex/adjustbox\adjcalc.
sty"
Package: adjcalc 2012/05/16 v1.1 Provides advanced setlength with multiple back
-ends (calc, etex, pgfmath)
)
("C:\Users\caleb\AppData\Local\Programs\MiKTeX 2.9\tex/latex/adjustbox\trimclip
.sty"
Package: trimclip 2018/04/08 v1.1 Trim and clip general TeX material

("C:\Users\caleb\AppData\Local\Programs\MiKTeX 2.9\tex/latex/collectbox\collect
box.sty"
Package: collectbox 2012/05/17 v0.4b Collect macro arguments as boxes
\collectedbox=\box74
)
\tc@llx=\dimen292
\tc@lly=\dimen293
\tc@urx=\dimen294
\tc@ury=\dimen295
Package trimclip Info: Using driver 'tc-pdftex.def'.

("C:\Users\caleb\AppData\Local\Programs\MiKTeX 2.9\tex/latex/adjustbox\tc-pdfte
x.def"
File: tc-pdftex.def 2019/01/04 v2.2 Clipping driver for pdftex
))
\adjbox@Width=\dimen296
\adjbox@Height=\dimen297
\adjbox@Depth=\dimen298
\adjbox@Totalheight=\dimen299
\adjbox@pwidth=\dimen300
\adjbox@pheight=\dimen301
\adjbox@pdepth=\dimen302
\adjbox@ptotalheight=\dimen303

("C:\Users\caleb\AppData\Local\Programs\MiKTeX 2.9\tex/latex/ifoddpage\ifoddpag
e.sty"
Package: ifoddpage 2016/04/23 v1.1 Conditionals for odd/even page detection
\c@checkoddpage=\count316
)
("C:\Users\caleb\AppData\Local\Programs\MiKTeX 2.9\tex/latex/varwidth\varwidth.
sty"
Package: varwidth 2009/03/30 ver 0.92;  Variable-width minipages
\@vwid@box=\box75
\sift@deathcycles=\count317
\@vwid@loff=\dimen304
\@vwid@roff=\dimen305
))

Package hyperref Warning: Token not allowed in a PDF string (PDFDocEncoding):
(hyperref)                removing `\\' on input line 36.


("C:\Users\caleb\AppData\Local\Programs\MiKTeX 2.9\tex/latex/l3backend\l3backen
d-pdfmode.def"
File: l3backend-pdfmode.def 2020-03-12 L3 backend support: PDF mode
\l__kernel_color_stack_int=\count318
\l__pdf_internal_box=\box76
) (easterly_beyond_hetero_smdm2018.aux)
\openout1 = `easterly_beyond_hetero_smdm2018.aux'.

LaTeX Font Info:    Checking defaults for OML/cmm/m/it on input line 61.
LaTeX Font Info:    ... okay on input line 61.
LaTeX Font Info:    Checking defaults for OMS/cmsy/m/n on input line 61.
LaTeX Font Info:    ... okay on input line 61.
LaTeX Font Info:    Checking defaults for OT1/cmr/m/n on input line 61.
LaTeX Font Info:    ... okay on input line 61.
LaTeX Font Info:    Checking defaults for T1/cmr/m/n on input line 61.
LaTeX Font Info:    ... okay on input line 61.
LaTeX Font Info:    Checking defaults for TS1/cmr/m/n on input line 61.
LaTeX Font Info:    ... okay on input line 61.
LaTeX Font Info:    Checking defaults for OMX/cmex/m/n on input line 61.
LaTeX Font Info:    ... okay on input line 61.
LaTeX Font Info:    Checking defaults for U/cmr/m/n on input line 61.
LaTeX Font Info:    ... okay on input line 61.
LaTeX Font Info:    Checking defaults for PD1/pdf/m/n on input line 61.
LaTeX Font Info:    ... okay on input line 61.

*geometry* driver: auto-detecting
*geometry* detected driver: pdftex
*geometry* verbose mode - [ preamble ] result:
* driver: pdftex
* paper: custom
* layout: <same size as paper>
* layoutoffset:(h,v)=(0.0pt,0.0pt)
* modes: includehead includefoot 
* h-part:(L,W,R)=(28.45274pt, 398.3386pt, 28.45274pt)
* v-part:(T,H,B)=(0.0pt, 256.0748pt, 0.0pt)
* \paperwidth=455.24408pt
* \paperheight=256.0748pt
* \textwidth=398.3386pt
* \textheight=227.62207pt
* \oddsidemargin=-43.81725pt
* \evensidemargin=-43.81725pt
* \topmargin=-72.26999pt
* \headheight=14.22636pt
* \headsep=0.0pt
* \topskip=11.0pt
* \footskip=14.22636pt
* \marginparwidth=4.0pt
* \marginparsep=10.0pt
* \columnsep=10.0pt
* \skip\footins=10.0pt plus 4.0pt minus 2.0pt
* \hoffset=0.0pt
* \voffset=0.0pt
* \mag=1000
* \@twocolumnfalse
* \@twosidefalse
* \@mparswitchfalse
* \@reversemarginfalse
* (1in=72.27pt=25.4mm, 1cm=28.453pt)


("C:\Users\caleb\AppData\Local\Programs\MiKTeX 2.9\tex/context/base/mkii\supp-p
df.mkii"
[Loading MPS to PDF converter (version 2006.09.02).]
\scratchcounter=\count319
\scratchdimen=\dimen306
\scratchbox=\box77
\nofMPsegments=\count320
\nofMParguments=\count321
\everyMPshowfont=\toks49
\MPscratchCnt=\count322
\MPscratchDim=\dimen307
\MPnumerator=\count323
\makeMPintoPDFobject=\count324
\everyMPtoPDFconversion=\toks50
)
("C:\Users\caleb\AppData\Local\Programs\MiKTeX 2.9\tex/latex/epstopdf-pkg\epsto
pdf-base.sty"
Package: epstopdf-base 2020-01-24 v2.11 Base part for package epstopdf
Package epstopdf-base Info: Redefining graphics rule for `.eps' on input line 4
85.
) ABD: EveryShipout initializing macros
\AtBeginShipoutBox=\box78
Package hyperref Info: Link coloring OFF on input line 61.

("C:\Users\caleb\AppData\Local\Programs\MiKTeX 2.9\tex/latex/hyperref\nameref.s
ty"
Package: nameref 2019/09/16 v2.46 Cross-referencing by name of section

("C:\Users\caleb\AppData\Local\Programs\MiKTeX 2.9\tex/latex/refcount\refcount.
sty"
Package: refcount 2019/12/15 v3.6 Data extraction from label references (HO)
)
("C:\Users\caleb\AppData\Local\Programs\MiKTeX 2.9\tex/generic/gettitlestring\g
ettitlestring.sty"
Package: gettitlestring 2019/12/15 v1.6 Cleanup title references (HO)
)
\c@section@level=\count325
)
LaTeX Info: Redefining \ref on input line 61.
LaTeX Info: Redefining \pageref on input line 61.
LaTeX Info: Redefining \nameref on input line 61.
 (easterly_beyond_hetero_smdm2018.out)
(easterly_beyond_hetero_smdm2018.out)
\@outlinefile=\write5
\openout5 = `easterly_beyond_hetero_smdm2018.out'.


("C:\Users\caleb\AppData\Local\Programs\MiKTeX 2.9\tex/latex/translator\transla
tor-basic-dictionary-English.dict"
Dictionary: translator-basic-dictionary, Language: English 
)
("C:\Users\caleb\AppData\Local\Programs\MiKTeX 2.9\tex/latex/translator\transla
tor-bibliography-dictionary-English.dict"
Dictionary: translator-bibliography-dictionary, Language: English 
)
("C:\Users\caleb\AppData\Local\Programs\MiKTeX 2.9\tex/latex/translator\transla
tor-environment-dictionary-English.dict"
Dictionary: translator-environment-dictionary, Language: English 
)
("C:\Users\caleb\AppData\Local\Programs\MiKTeX 2.9\tex/latex/translator\transla
tor-months-dictionary-English.dict"
Dictionary: translator-months-dictionary, Language: English 
)
("C:\Users\caleb\AppData\Local\Programs\MiKTeX 2.9\tex/latex/translator\transla
tor-numbers-dictionary-English.dict"
Dictionary: translator-numbers-dictionary, Language: English 
)
("C:\Users\caleb\AppData\Local\Programs\MiKTeX 2.9\tex/latex/translator\transla
tor-theorem-dictionary-English.dict"
Dictionary: translator-theorem-dictionary, Language: English 
) (easterly_beyond_hetero_smdm2018.nav)
LaTeX Font Info:    Trying to load font information for U+msa on input line 66.


("C:\Users\caleb\AppData\Local\Programs\MiKTeX 2.9\tex/latex/amsfonts\umsa.fd"
File: umsa.fd 2013/01/14 v3.01 AMS symbols A
)
LaTeX Font Info:    Trying to load font information for U+msb on input line 66.

("C:\Users\caleb\AppData\Local\Programs\MiKTeX 2.9\tex/latex/amsfonts\umsb.fd"
File: umsb.fd 2013/01/14 v3.01 AMS symbols B
) [1

{C:/Users/caleb/AppData/Local/MiKTeX/2.9/pdftex/config/pdftex.map}]

pdfTeX warning: miktex-pdftex.exe (file C:/Users/caleb/OneDrive - University of
 North Carolina at Chapel Hill/Documents/HPV MultiSexID/multiSexID_pack/plots/h
pv_cancers.pdf): PDF inclusion: found PDF version <1.7>, but at most version <1
.5> allowed
<C:/Users/caleb/OneDrive - University of North Carolina at Chapel Hill/Document
s/HPV MultiSexID/multiSexID_pack/plots/hpv_cancers.pdf, id=24, 433.62pt x 433.6
2pt>
File: C:/Users/caleb/OneDrive - University of North Carolina at Chapel Hill/Doc
uments/HPV MultiSexID/multiSexID_pack/plots/hpv_cancers.pdf Graphic file (type 
pdf)
<use C:/Users/caleb/OneDrive - University of North Carolina at Chapel Hill/Docu
ments/HPV MultiSexID/multiSexID_pack/plots/hpv_cancers.pdf>
Package pdftex.def Info: C:/Users/caleb/OneDrive - University of North Carolina
 at Chapel Hill/Documents/HPV MultiSexID/multiSexID_pack/plots/hpv_cancers.pdf 
 used on input line 92.
(pdftex.def)             Requested size: 159.333pt x 159.33192pt.
[2

 <C:/Users/caleb/OneDrive - University of North Carolina at Chapel Hill/Documen
ts/HPV MultiSexID/multiSexID_pack/plots/hpv_cancers.pdf>]
File: C:/Users/caleb/OneDrive - University of North Carolina at Chapel Hill/Doc
uments/HPV MultiSexID/multiSexID_pack/plots/hpv_cancers.pdf Graphic file (type 
pdf)
<use C:/Users/caleb/OneDrive - University of North Carolina at Chapel Hill/Docu
ments/HPV MultiSexID/multiSexID_pack/plots/hpv_cancers.pdf>
Package pdftex.def Info: C:/Users/caleb/OneDrive - University of North Carolina
 at Chapel Hill/Documents/HPV MultiSexID/multiSexID_pack/plots/hpv_cancers.pdf 
 used on input line 92.
(pdftex.def)             Requested size: 159.333pt x 159.33192pt.
 [3

]
File: C:/Users/caleb/OneDrive - University of North Carolina at Chapel Hill/Doc
uments/HPV MultiSexID/multiSexID_pack/plots/hpv_cancers.pdf Graphic file (type 
pdf)
<use C:/Users/caleb/OneDrive - University of North Carolina at Chapel Hill/Docu
ments/HPV MultiSexID/multiSexID_pack/plots/hpv_cancers.pdf>
Package pdftex.def Info: C:/Users/caleb/OneDrive - University of North Carolina
 at Chapel Hill/Documents/HPV MultiSexID/multiSexID_pack/plots/hpv_cancers.pdf 
 used on input line 92.
(pdftex.def)             Requested size: 159.333pt x 159.33192pt.
 [4

]
File: C:/Users/caleb/OneDrive - University of North Carolina at Chapel Hill/Doc
uments/HPV MultiSexID/multiSexID_pack/plots/hpv_cancers.pdf Graphic file (type 
pdf)
<use C:/Users/caleb/OneDrive - University of North Carolina at Chapel Hill/Docu
ments/HPV MultiSexID/multiSexID_pack/plots/hpv_cancers.pdf>
Package pdftex.def Info: C:/Users/caleb/OneDrive - University of North Carolina
 at Chapel Hill/Documents/HPV MultiSexID/multiSexID_pack/plots/hpv_cancers.pdf 
 used on input line 92.
(pdftex.def)             Requested size: 159.333pt x 159.33192pt.
 [5

]
[6

] [7

] [8

] [9

] [10

] [11

] [12

] [13

]
<C:/Users/caleb/OneDrive - University of North Carolina at Chapel Hill/Document
s/HPV MultiSexID/multiSexID_pack/plots/wheeler_2013.png, id=102, 741.52031pt x 
550.30594pt>
File: C:/Users/caleb/OneDrive - University of North Carolina at Chapel Hill/Doc
uments/HPV MultiSexID/multiSexID_pack/plots/wheeler_2013.png Graphic file (type
 png)
<use C:/Users/caleb/OneDrive - University of North Carolina at Chapel Hill/Docu
ments/HPV MultiSexID/multiSexID_pack/plots/wheeler_2013.png>
Package pdftex.def Info: C:/Users/caleb/OneDrive - University of North Carolina
 at Chapel Hill/Documents/HPV MultiSexID/multiSexID_pack/plots/wheeler_2013.png
  used on input line 137.
(pdftex.def)             Requested size: 199.1693pt x 147.80367pt.

Overfull \hbox (6.79999pt too wide) in paragraph at lines 137--137
 [] 
 []

[14

 <C:/Users/caleb/OneDrive - University of North Carolina at Chapel Hill/Documen
ts/HPV MultiSexID/multiSexID_pack/plots/wheeler_2013.png>]
File: C:/Users/caleb/OneDrive - University of North Carolina at Chapel Hill/Doc
uments/HPV MultiSexID/multiSexID_pack/plots/wheeler_2013.png Graphic file (type
 png)
<use C:/Users/caleb/OneDrive - University of North Carolina at Chapel Hill/Docu
ments/HPV MultiSexID/multiSexID_pack/plots/wheeler_2013.png>
Package pdftex.def Info: C:/Users/caleb/OneDrive - University of North Carolina
 at Chapel Hill/Documents/HPV MultiSexID/multiSexID_pack/plots/wheeler_2013.png
  used on input line 137.
(pdftex.def)             Requested size: 199.1693pt x 147.80367pt.

Overfull \hbox (6.79999pt too wide) in paragraph at lines 137--137
 [] 
 []

[15

]
File: C:/Users/caleb/OneDrive - University of North Carolina at Chapel Hill/Doc
uments/HPV MultiSexID/multiSexID_pack/plots/wheeler_2013.png Graphic file (type
 png)
<use C:/Users/caleb/OneDrive - University of North Carolina at Chapel Hill/Docu
ments/HPV MultiSexID/multiSexID_pack/plots/wheeler_2013.png>
Package pdftex.def Info: C:/Users/caleb/OneDrive - University of North Carolina
 at Chapel Hill/Documents/HPV MultiSexID/multiSexID_pack/plots/wheeler_2013.png
  used on input line 137.
(pdftex.def)             Requested size: 199.1693pt x 147.80367pt.

Overfull \hbox (6.79999pt too wide) in paragraph at lines 137--137
 [] 
 []

[16

]
File: C:/Users/caleb/OneDrive - University of North Carolina at Chapel Hill/Doc
uments/HPV MultiSexID/multiSexID_pack/plots/wheeler_2013.png Graphic file (type
 png)
<use C:/Users/caleb/OneDrive - University of North Carolina at Chapel Hill/Docu
ments/HPV MultiSexID/multiSexID_pack/plots/wheeler_2013.png>
Package pdftex.def Info: C:/Users/caleb/OneDrive - University of North Carolina
 at Chapel Hill/Documents/HPV MultiSexID/multiSexID_pack/plots/wheeler_2013.png
  used on input line 137.
(pdftex.def)             Requested size: 199.1693pt x 147.80367pt.

Overfull \hbox (6.79999pt too wide) in paragraph at lines 137--137
 [] 
 []

[17

]
<C:/Users/caleb/OneDrive - University of North Carolina at Chapel Hill/Document
s/HPV MultiSexID/multiSexID_pack/plots/good_model_flow.png, id=123, 433.62pt x 
578.16pt>
File: C:/Users/caleb/OneDrive - University of North Carolina at Chapel Hill/Doc
uments/HPV MultiSexID/multiSexID_pack/plots/good_model_flow.png Graphic file (t
ype png)
<use C:/Users/caleb/OneDrive - University of North Carolina at Chapel Hill/Docu
ments/HPV MultiSexID/multiSexID_pack/plots/good_model_flow.png>
Package pdftex.def Info: C:/Users/caleb/OneDrive - University of North Carolina
 at Chapel Hill/Documents/HPV MultiSexID/multiSexID_pack/plots/good_model_flow.
png  used on input line 170.
(pdftex.def)             Requested size: 139.4179pt x 158.44421pt.
 [18

 <C:/Users/caleb/OneDrive - University of North Carolina at Chapel Hill/Documen
ts/HPV MultiSexID/multiSexID_pack/plots/good_model_flow.png>]
File: C:/Users/caleb/OneDrive - University of North Carolina at Chapel Hill/Doc
uments/HPV MultiSexID/multiSexID_pack/plots/good_model_flow.png Graphic file (t
ype png)
<use C:/Users/caleb/OneDrive - University of North Carolina at Chapel Hill/Docu
ments/HPV MultiSexID/multiSexID_pack/plots/good_model_flow.png>
Package pdftex.def Info: C:/Users/caleb/OneDrive - University of North Carolina
 at Chapel Hill/Documents/HPV MultiSexID/multiSexID_pack/plots/good_model_flow.
png  used on input line 170.
(pdftex.def)             Requested size: 139.4179pt x 158.44421pt.
 [19

]
File: C:/Users/caleb/OneDrive - University of North Carolina at Chapel Hill/Doc
uments/HPV MultiSexID/multiSexID_pack/plots/good_model_flow.png Graphic file (t
ype png)
<use C:/Users/caleb/OneDrive - University of North Carolina at Chapel Hill/Docu
ments/HPV MultiSexID/multiSexID_pack/plots/good_model_flow.png>
Package pdftex.def Info: C:/Users/caleb/OneDrive - University of North Carolina
 at Chapel Hill/Documents/HPV MultiSexID/multiSexID_pack/plots/good_model_flow.
png  used on input line 170.
(pdftex.def)             Requested size: 139.4179pt x 158.44421pt.

[20

]
File: C:/Users/caleb/OneDrive - University of North Carolina at Chapel Hill/Doc
uments/HPV MultiSexID/multiSexID_pack/plots/good_model_flow.png Graphic file (t
ype png)
<use C:/Users/caleb/OneDrive - University of North Carolina at Chapel Hill/Docu
ments/HPV MultiSexID/multiSexID_pack/plots/good_model_flow.png>
Package pdftex.def Info: C:/Users/caleb/OneDrive - University of North Carolina
 at Chapel Hill/Documents/HPV MultiSexID/multiSexID_pack/plots/good_model_flow.
png  used on input line 170.
(pdftex.def)             Requested size: 139.4179pt x 158.44421pt.
 [21

]
File: C:/Users/caleb/OneDrive - University of North Carolina at Chapel Hill/Doc
uments/HPV MultiSexID/multiSexID_pack/plots/good_model_flow.png Graphic file (t
ype png)
<use C:/Users/caleb/OneDrive - University of North Carolina at Chapel Hill/Docu
ments/HPV MultiSexID/multiSexID_pack/plots/good_model_flow.png>
Package pdftex.def Info: C:/Users/caleb/OneDrive - University of North Carolina
 at Chapel Hill/Documents/HPV MultiSexID/multiSexID_pack/plots/good_model_flow.
png  used on input line 170.
(pdftex.def)             Requested size: 139.4179pt x 158.44421pt.
 [22

]
File: C:/Users/caleb/OneDrive - University of North Carolina at Chapel Hill/Doc
uments/HPV MultiSexID/multiSexID_pack/plots/good_model_flow.png Graphic file (t
ype png)
<use C:/Users/caleb/OneDrive - University of North Carolina at Chapel Hill/Docu
ments/HPV MultiSexID/multiSexID_pack/plots/good_model_flow.png>
Package pdftex.def Info: C:/Users/caleb/OneDrive - University of North Carolina
 at Chapel Hill/Documents/HPV MultiSexID/multiSexID_pack/plots/good_model_flow.
png  used on input line 170.
(pdftex.def)             Requested size: 139.4179pt x 158.44421pt.
 [23

]
File: C:/Users/caleb/OneDrive - University of North Carolina at Chapel Hill/Doc
uments/HPV MultiSexID/multiSexID_pack/plots/good_model_flow.png Graphic file (t
ype png)
<use C:/Users/caleb/OneDrive - University of North Carolina at Chapel Hill/Docu
ments/HPV MultiSexID/multiSexID_pack/plots/good_model_flow.png>
Package pdftex.def Info: C:/Users/caleb/OneDrive - University of North Carolina
 at Chapel Hill/Documents/HPV MultiSexID/multiSexID_pack/plots/good_model_flow.
png  used on input line 170.
(pdftex.def)             Requested size: 139.4179pt x 158.44421pt.
 [24

]
File: C:/Users/caleb/OneDrive - University of North Carolina at Chapel Hill/Doc
uments/HPV MultiSexID/multiSexID_pack/plots/good_model_flow.png Graphic file (t
ype png)
<use C:/Users/caleb/OneDrive - University of North Carolina at Chapel Hill/Docu
ments/HPV MultiSexID/multiSexID_pack/plots/good_model_flow.png>
Package pdftex.def Info: C:/Users/caleb/OneDrive - University of North Carolina
 at Chapel Hill/Documents/HPV MultiSexID/multiSexID_pack/plots/good_model_flow.
png  used on input line 170.
(pdftex.def)             Requested size: 139.4179pt x 158.44421pt.
 [25

]
File: C:/Users/caleb/OneDrive - University of North Carolina at Chapel Hill/Doc
uments/HPV MultiSexID/multiSexID_pack/plots/good_model_flow.png Graphic file (t
ype png)
<use C:/Users/caleb/OneDrive - University of North Carolina at Chapel Hill/Docu
ments/HPV MultiSexID/multiSexID_pack/plots/good_model_flow.png>
Package pdftex.def Info: C:/Users/caleb/OneDrive - University of North Carolina
 at Chapel Hill/Documents/HPV MultiSexID/multiSexID_pack/plots/good_model_flow.
png  used on input line 170.
(pdftex.def)             Requested size: 139.4179pt x 158.44421pt.
 [26

]
File: C:/Users/caleb/OneDrive - University of North Carolina at Chapel Hill/Doc
uments/HPV MultiSexID/multiSexID_pack/plots/good_model_flow.png Graphic file (t
ype png)
<use C:/Users/caleb/OneDrive - University of North Carolina at Chapel Hill/Docu
ments/HPV MultiSexID/multiSexID_pack/plots/good_model_flow.png>
Package pdftex.def Info: C:/Users/caleb/OneDrive - University of North Carolina
 at Chapel Hill/Documents/HPV MultiSexID/multiSexID_pack/plots/good_model_flow.
png  used on input line 202.
(pdftex.def)             Requested size: 139.4179pt x 158.44421pt.
 [27

]
File: C:/Users/caleb/OneDrive - University of North Carolina at Chapel Hill/Doc
uments/HPV MultiSexID/multiSexID_pack/plots/good_model_flow.png Graphic file (t
ype png)
<use C:/Users/caleb/OneDrive - University of North Carolina at Chapel Hill/Docu
ments/HPV MultiSexID/multiSexID_pack/plots/good_model_flow.png>
Package pdftex.def Info: C:/Users/caleb/OneDrive - University of North Carolina
 at Chapel Hill/Documents/HPV MultiSexID/multiSexID_pack/plots/good_model_flow.
png  used on input line 202.
(pdftex.def)             Requested size: 139.4179pt x 158.44421pt.
 [28

]
File: C:/Users/caleb/OneDrive - University of North Carolina at Chapel Hill/Doc
uments/HPV MultiSexID/multiSexID_pack/plots/good_model_flow.png Graphic file (t
ype png)
<use C:/Users/caleb/OneDrive - University of North Carolina at Chapel Hill/Docu
ments/HPV MultiSexID/multiSexID_pack/plots/good_model_flow.png>
Package pdftex.def Info: C:/Users/caleb/OneDrive - University of North Carolina
 at Chapel Hill/Documents/HPV MultiSexID/multiSexID_pack/plots/good_model_flow.
png  used on input line 202.
(pdftex.def)             Requested size: 139.4179pt x 158.44421pt.
 [29

]
File: C:/Users/caleb/OneDrive - University of North Carolina at Chapel Hill/Doc
uments/HPV MultiSexID/multiSexID_pack/plots/good_model_flow.png Graphic file (t
ype png)
<use C:/Users/caleb/OneDrive - University of North Carolina at Chapel Hill/Docu
ments/HPV MultiSexID/multiSexID_pack/plots/good_model_flow.png>
Package pdftex.def Info: C:/Users/caleb/OneDrive - University of North Carolina
 at Chapel Hill/Documents/HPV MultiSexID/multiSexID_pack/plots/good_model_flow.
png  used on input line 202.
(pdftex.def)             Requested size: 139.4179pt x 158.44421pt.
 [30

]
File: C:/Users/caleb/OneDrive - University of North Carolina at Chapel Hill/Doc
uments/HPV MultiSexID/multiSexID_pack/plots/good_model_flow.png Graphic file (t
ype png)
<use C:/Users/caleb/OneDrive - University of North Carolina at Chapel Hill/Docu
ments/HPV MultiSexID/multiSexID_pack/plots/good_model_flow.png>
Package pdftex.def Info: C:/Users/caleb/OneDrive - University of North Carolina
 at Chapel Hill/Documents/HPV MultiSexID/multiSexID_pack/plots/good_model_flow.
png  used on input line 202.
(pdftex.def)             Requested size: 139.4179pt x 158.44421pt.
 [31

]
File: C:/Users/caleb/OneDrive - University of North Carolina at Chapel Hill/Doc
uments/HPV MultiSexID/multiSexID_pack/plots/good_model_flow.png Graphic file (t
ype png)
<use C:/Users/caleb/OneDrive - University of North Carolina at Chapel Hill/Docu
ments/HPV MultiSexID/multiSexID_pack/plots/good_model_flow.png>
Package pdftex.def Info: C:/Users/caleb/OneDrive - University of North Carolina
 at Chapel Hill/Documents/HPV MultiSexID/multiSexID_pack/plots/good_model_flow.
png  used on input line 202.
(pdftex.def)             Requested size: 139.4179pt x 158.44421pt.
 [32

]

pdfTeX warning: miktex-pdftex.exe (file C:/Users/caleb/OneDrive - University of
 North Carolina at Chapel Hill/Documents/HPV MultiSexID/multiSexID_pack/plots/h
et_population.pdf): PDF inclusion: found PDF version <1.7>, but at most version
 <1.5> allowed
<C:/Users/caleb/OneDrive - University of North Carolina at Chapel Hill/Document
s/HPV MultiSexID/multiSexID_pack/plots/het_population.pdf, id=233, 433.62pt x 4
33.62pt>
File: C:/Users/caleb/OneDrive - University of North Carolina at Chapel Hill/Doc
uments/HPV MultiSexID/multiSexID_pack/plots/het_population.pdf Graphic file (ty
pe pdf)
<use C:/Users/caleb/OneDrive - University of North Carolina at Chapel Hill/Docu
ments/HPV MultiSexID/multiSexID_pack/plots/het_population.pdf>
Package pdftex.def Info: C:/Users/caleb/OneDrive - University of North Carolina
 at Chapel Hill/Documents/HPV MultiSexID/multiSexID_pack/plots/het_population.p
df  used on input line 208.
(pdftex.def)             Requested size: 278.83578pt x 223.95486pt.

Overfull \vbox (60.59494pt too high) detected at line 208
 []

[33

 <C:/Users/caleb/OneDrive - University of North Carolina at Chapel Hill/Documen
ts/HPV MultiSexID/multiSexID_pack/plots/het_population.pdf>]
<C:/Users/caleb/OneDrive - University of North Carolina at Chapel Hill/Document
s/HPV MultiSexID/multiSexID_pack/plots/het_only.png, id=253, 433.62pt x 433.62p
t>
File: C:/Users/caleb/OneDrive - University of North Carolina at Chapel Hill/Doc
uments/HPV MultiSexID/multiSexID_pack/plots/het_only.png Graphic file (type png
)
<use C:/Users/caleb/OneDrive - University of North Carolina at Chapel Hill/Docu
ments/HPV MultiSexID/multiSexID_pack/plots/het_only.png>
Package pdftex.def Info: C:/Users/caleb/OneDrive - University of North Carolina
 at Chapel Hill/Documents/HPV MultiSexID/multiSexID_pack/plots/het_only.png  us
ed on input line 213.
(pdftex.def)             Requested size: 278.83578pt x 242.25185pt.

Overfull \vbox (21.98642pt too high) detected at line 213
 []

[34

 <C:/Users/caleb/OneDrive - University of North Carolina at Chapel Hill/Documen
ts/HPV MultiSexID/multiSexID_pack/plots/het_only.png (PNG copy)>]

pdfTeX warning: miktex-pdftex.exe (file C:/Users/caleb/OneDrive - University of
 North Carolina at Chapel Hill/Documents/HPV MultiSexID/multiSexID_pack/plots/m
ult_sexid_population.pdf): PDF inclusion: found PDF version <1.7>, but at most 
version <1.5> allowed
<C:/Users/caleb/OneDrive - University of North Carolina at Chapel Hill/Document
s/HPV MultiSexID/multiSexID_pack/plots/mult_sexid_population.pdf, id=261, 433.6
2pt x 578.16pt>
File: C:/Users/caleb/OneDrive - University of North Carolina at Chapel Hill/Doc
uments/HPV MultiSexID/multiSexID_pack/plots/mult_sexid_population.pdf Graphic f
ile (type pdf)
<use C:/Users/caleb/OneDrive - University of North Carolina at Chapel Hill/Docu
ments/HPV MultiSexID/multiSexID_pack/plots/mult_sexid_population.pdf>
Package pdftex.def Info: C:/Users/caleb/OneDrive - University of North Carolina
 at Chapel Hill/Documents/HPV MultiSexID/multiSexID_pack/plots/mult_sexid_popul
ation.pdf  used on input line 218.
(pdftex.def)             Requested size: 239.00558pt x 240.26245pt.

Overfull \vbox (19.99702pt too high) detected at line 218
 []

[35

 <C:/Users/caleb/OneDrive - University of North Carolina at Chapel Hill/Documen
ts/HPV MultiSexID/multiSexID_pack/plots/mult_sexid_population.pdf>]
<C:/Users/caleb/OneDrive - University of North Carolina at Chapel Hill/Document
s/HPV MultiSexID/multiSexID_pack/plots/all_sexid.png, id=281, 433.62pt x 433.62
pt>
File: C:/Users/caleb/OneDrive - University of North Carolina at Chapel Hill/Doc
uments/HPV MultiSexID/multiSexID_pack/plots/all_sexid.png Graphic file (type pn
g)
<use C:/Users/caleb/OneDrive - University of North Carolina at Chapel Hill/Docu
ments/HPV MultiSexID/multiSexID_pack/plots/all_sexid.png>
Package pdftex.def Info: C:/Users/caleb/OneDrive - University of North Carolina
 at Chapel Hill/Documents/HPV MultiSexID/multiSexID_pack/plots/all_sexid.png  u
sed on input line 223.
(pdftex.def)             Requested size: 278.83578pt x 242.25185pt.

Overfull \vbox (21.98642pt too high) detected at line 223
 []

[36

 <C:/Users/caleb/OneDrive - University of North Carolina at Chapel Hill/Documen
ts/HPV MultiSexID/multiSexID_pack/plots/all_sexid.png (PNG copy)>]
<C:/Users/caleb/OneDrive - University of North Carolina at Chapel Hill/Document
s/HPV MultiSexID/multiSexID_pack/plots/averaged_sexid.png, id=289, 571.38469pt 
x 252.945pt>
File: C:/Users/caleb/OneDrive - University of North Carolina at Chapel Hill/Doc
uments/HPV MultiSexID/multiSexID_pack/plots/averaged_sexid.png Graphic file (ty
pe png)
<use C:/Users/caleb/OneDrive - University of North Carolina at Chapel Hill/Docu
ments/HPV MultiSexID/multiSexID_pack/plots/averaged_sexid.png>
Package pdftex.def Info: C:/Users/caleb/OneDrive - University of North Carolina
 at Chapel Hill/Documents/HPV MultiSexID/multiSexID_pack/plots/averaged_sexid.p
ng  used on input line 228.
(pdftex.def)             Requested size: 278.83578pt x 123.43852pt.
 [37

 <C:/Users/caleb/OneDrive - University of North Carolina at Chapel Hill/Documen
ts/HPV MultiSexID/multiSexID_pack/plots/averaged_sexid.png>]
<C:/Users/caleb/OneDrive - University of North Carolina at Chapel Hill/Document
s/HPV MultiSexID/multiSexID_pack/plots/all_tog.png, id=298, 433.62pt x 433.62pt
>
File: C:/Users/caleb/OneDrive - University of North Carolina at Chapel Hill/Doc
uments/HPV MultiSexID/multiSexID_pack/plots/all_tog.png Graphic file (type png)

<use C:/Users/caleb/OneDrive - University of North Carolina at Chapel Hill/Docu
ments/HPV MultiSexID/multiSexID_pack/plots/all_tog.png>
Package pdftex.def Info: C:/Users/caleb/OneDrive - University of North Carolina
 at Chapel Hill/Documents/HPV MultiSexID/multiSexID_pack/plots/all_tog.png  use
d on input line 233.
(pdftex.def)             Requested size: 278.83578pt x 242.25185pt.

Overfull \vbox (21.98642pt too high) detected at line 233
 []

[38

 <C:/Users/caleb/OneDrive - University of North Carolina at Chapel Hill/Documen
ts/HPV MultiSexID/multiSexID_pack/plots/all_tog.png (PNG copy)>]
<C:/Users/caleb/OneDrive - University of North Carolina at Chapel Hill/Document
s/HPV MultiSexID/multiSexID_pack/plots/calib_results_03_23_2020_v2.png, id=306,
 650.43pt x 289.08pt>
File: C:/Users/caleb/OneDrive - University of North Carolina at Chapel Hill/Doc
uments/HPV MultiSexID/multiSexID_pack/plots/calib_results_03_23_2020_v2.png Gra
phic file (type png)
<use C:/Users/caleb/OneDrive - University of North Carolina at Chapel Hill/Docu
ments/HPV MultiSexID/multiSexID_pack/plots/calib_results_03_23_2020_v2.png>
Package pdftex.def Info: C:/Users/caleb/OneDrive - University of North Carolina
 at Chapel Hill/Documents/HPV MultiSexID/multiSexID_pack/plots/calib_results_03
_23_2020_v2.png  used on input line 238.
(pdftex.def)             Requested size: 398.3386pt x 177.0443pt.
 [39

 <C:/Users/caleb/OneDrive - University of North Carolina at Chapel Hill/Documen
ts/HPV MultiSexID/multiSexID_pack/plots/calib_results_03_23_2020_v2.png>]
<C:/Users/caleb/OneDrive - University of North Carolina at Chapel Hill/Document
s/HPV MultiSexID/multiSexID_pack/plots/absolute_50.png, id=313, 433.62pt x 289.
08pt>
File: C:/Users/caleb/OneDrive - University of North Carolina at Chapel Hill/Doc
uments/HPV MultiSexID/multiSexID_pack/plots/absolute_50.png Graphic file (type 
png)
<use C:/Users/caleb/OneDrive - University of North Carolina at Chapel Hill/Docu
ments/HPV MultiSexID/multiSexID_pack/plots/absolute_50.png>
Package pdftex.def Info: C:/Users/caleb/OneDrive - University of North Carolina
 at Chapel Hill/Documents/HPV MultiSexID/multiSexID_pack/plots/absolute_50.png 
 used on input line 244.
(pdftex.def)             Requested size: 318.67209pt x 212.4602pt.

Overfull \vbox (0.19478pt too high) detected at line 244
 []

[40

 <C:/Users/caleb/OneDrive - University of North Carolina at Chapel Hill/Documen
ts/HPV MultiSexID/multiSexID_pack/plots/absolute_50.png>] [41

] [42

] [43

]
[44

] [45

] [46

] [47

] [48

] [49

] [50

]
\tf@nav=\write6
\openout6 = `easterly_beyond_hetero_smdm2018.nav'.

\tf@toc=\write7
\openout7 = `easterly_beyond_hetero_smdm2018.toc'.

\tf@snm=\write8
\openout8 = `easterly_beyond_hetero_smdm2018.snm'.

Package atveryend Info: Empty hook `BeforeClearDocument' on input line 283.
Package atveryend Info: Empty hook `AfterLastShipout' on input line 283.
 (easterly_beyond_hetero_smdm2018.aux)
Package atveryend Info: Executing hook `AtVeryEndDocument' on input line 283.
Package atveryend Info: Executing hook `AtEndAfterFileList' on input line 283.
Package rerunfilecheck Info: File `easterly_beyond_hetero_smdm2018.out' has not
 changed.
(rerunfilecheck)             Checksum: D41D8CD98F00B204E9800998ECF8427E;0.
 ) 
Here is how much of TeX's memory you used:
 19172 strings out of 480930
 376684 string characters out of 2899761
 614294 words of memory out of 3000000
 34448 multiletter control sequences out of 15000+200000
 541138 words of font info for 58 fonts, out of 3000000 for 9000
 1141 hyphenation exceptions out of 8191
 58i,11n,67p,827b,665s stack positions out of 5000i,500n,10000p,200000b,50000s
<C:/Users/caleb/AppData/Local/Programs/MiKTeX 2.9/fonts/type1/public/amsfonts
/cm/cmbx10.pfb><C:/Users/caleb/AppData/Local/Programs/MiKTeX 2.9/fonts/type1/pu
blic/amsfonts/cm/cmbx12.pfb><C:/Users/caleb/AppData/Local/Programs/MiKTeX 2.9/f
onts/type1/public/amsfonts/cm/cmbx8.pfb><C:/Users/caleb/AppData/Local/Programs/
MiKTeX 2.9/fonts/type1/public/amsfonts/cm/cmr10.pfb><C:/Users/caleb/AppData/Loc
al/Programs/MiKTeX 2.9/fonts/type1/public/amsfonts/cm/cmr12.pfb><C:/Users/caleb
/AppData/Local/Programs/MiKTeX 2.9/fonts/type1/public/amsfonts/cm/cmr17.pfb><C:
/Users/caleb/AppData/Local/Programs/MiKTeX 2.9/fonts/type1/public/amsfonts/cm/c
mr6.pfb><C:/Users/caleb/AppData/Local/Programs/MiKTeX 2.9/fonts/type1/public/am
sfonts/cm/cmr8.pfb><C:/Users/caleb/AppData/Local/Programs/MiKTeX 2.9/fonts/type
1/public/amsfonts/cm/cmsy10.pfb><C:/Users/caleb/AppData/Local/Programs/MiKTeX 2
.9/fonts/type1/public/amsfonts/cm/cmti10.pfb>
Output written on easterly_beyond_hetero_smdm2018.pdf (50 pages, 812478 bytes).

PDF statistics:
 429 PDF objects out of 1000 (max. 8388607)
 101 named destinations out of 1000 (max. 500000)
 218 words of extra memory for PDF output out of 10000 (max. 10000000)

